16:32:20: Creating resource group General
16:32:20: Creating resource group OgreInternal
16:32:20: Creating resource group OgreAutodetect
16:32:20: Registering ResourceManager for type Mesh
16:32:20: Registering ResourceManager for type Material
16:32:20: Registering ResourceManager for type Skeleton
16:32:20: XMLMeshSerializer reading mesh data from /home/rgr/LibreGame/Cube.mesh.xml...
16:32:20: Reading geometry...
16:32:20: Geometry done...
16:32:20: Reading submeshes...
16:32:20: Submeshes done.
16:32:20: Reading mesh names...
16:32:20: Mesh names done.
16:32:20: XMLMeshSerializer import successful.
16:32:20: MeshSerializer writing mesh data to stream /home/rgr/LibreGame/Cube.mesh...
16:32:20: File header written.
16:32:20: Writing mesh data...
16:32:20: Writing submesh...
16:32:20: Exporting submesh texture aliases...
16:32:20: Submesh texture aliases exported.
16:32:20: Submesh exported.
16:32:20: Exporting bounds information....
16:32:20: Bounds information exported.
16:32:20: Exporting submesh name table...
16:32:20: Submesh name table exported.
16:32:20: Mesh data exported.
16:32:20: MeshSerializer export successful.
16:32:20: Unregistering ResourceManager for type Skeleton
16:32:20: Unregistering ResourceManager for type Material
16:32:20: Unregistering ResourceManager for type Mesh
