01:20:05: Creating resource group General
01:20:05: Creating resource group OgreInternal
01:20:05: Creating resource group OgreAutodetect
01:20:05: Registering ResourceManager for type Mesh
01:20:05: Registering ResourceManager for type Material
01:20:05: Registering ResourceManager for type Skeleton
01:20:05: XMLMeshSerializer reading mesh data from /home/rgr/Documentos/Puerta.mesh.xml...
01:20:05: Reading geometry...
01:20:05: Geometry done...
01:20:05: Reading submeshes...
01:20:05: Submeshes done.
01:20:05: Reading mesh names...
01:20:05: Mesh names done.
01:20:05: XMLMeshSerializer import successful.
01:20:05: MeshSerializer writing mesh data to stream /home/rgr/Documentos/Puerta.mesh...
01:20:05: File header written.
01:20:05: Writing mesh data...
01:20:05: Writing submesh...
01:20:05: Exporting submesh texture aliases...
01:20:05: Submesh texture aliases exported.
01:20:05: Submesh exported.
01:20:05: Exporting bounds information....
01:20:05: Bounds information exported.
01:20:05: Exporting submesh name table...
01:20:05: Submesh name table exported.
01:20:05: Mesh data exported.
01:20:05: MeshSerializer export successful.
01:20:05: Unregistering ResourceManager for type Skeleton
01:20:05: Unregistering ResourceManager for type Material
01:20:05: Unregistering ResourceManager for type Mesh
